[2026-01-12 15:49:59] error - Error: 상세 정보 조회 중 오류가 발생했습니다.
Error: 상세 정보 조회 중 오류가 발생했습니다.
    at myError (file:///E:/taeho/workspace/icemachine/back_server/app/errors/customs/my.error.js:16:15)
    at Object.getUserDetail (file:///E:/taeho/workspace/icemachine/back_server/app/services/user.admin.service.js:75:13)
    at process.processTicksAndRejections (node:internal/process/task_queues:105:5)
    at async file:///E:/taeho/workspace/icemachine/back_server/app/controllers/user.admin.controller.js:21:20
[2026-01-12 15:51:40] error - Error: 상세 정보 조회 중 오류가 발생했습니다.
Error: 상세 정보 조회 중 오류가 발생했습니다.
    at myError (file:///E:/taeho/workspace/icemachine/back_server/app/errors/customs/my.error.js:16:15)
    at Object.getUserDetail (file:///E:/taeho/workspace/icemachine/back_server/app/services/user.admin.service.js:75:13)
    at process.processTicksAndRejections (node:internal/process/task_queues:105:5)
    at async file:///E:/taeho/workspace/icemachine/back_server/app/controllers/user.admin.controller.js:21:20
[2026-01-12 15:54:00] error - Error: 상세 정보 조회 중 오류가 발생했습니다.
Error: 상세 정보 조회 중 오류가 발생했습니다.
    at myError (file:///E:/taeho/workspace/icemachine/back_server/app/errors/customs/my.error.js:16:15)
    at Object.getUserDetail (file:///E:/taeho/workspace/icemachine/back_server/app/services/user.admin.service.js:81:13)
    at process.processTicksAndRejections (node:internal/process/task_queues:105:5)
    at async file:///E:/taeho/workspace/icemachine/back_server/app/controllers/user.admin.controller.js:21:20
[2026-01-12 15:54:01] error - Error: 상세 정보 조회 중 오류가 발생했습니다.
Error: 상세 정보 조회 중 오류가 발생했습니다.
    at myError (file:///E:/taeho/workspace/icemachine/back_server/app/errors/customs/my.error.js:16:15)
    at Object.getUserDetail (file:///E:/taeho/workspace/icemachine/back_server/app/services/user.admin.service.js:81:13)
    at process.processTicksAndRejections (node:internal/process/task_queues:105:5)
    at async file:///E:/taeho/workspace/icemachine/back_server/app/controllers/user.admin.controller.js:21:20
[2026-01-12 15:54:06] error - Error: 상세 정보 조회 중 오류가 발생했습니다.
Error: 상세 정보 조회 중 오류가 발생했습니다.
    at myError (file:///E:/taeho/workspace/icemachine/back_server/app/errors/customs/my.error.js:16:15)
    at Object.getUserDetail (file:///E:/taeho/workspace/icemachine/back_server/app/services/user.admin.service.js:81:13)
    at process.processTicksAndRejections (node:internal/process/task_queues:105:5)
    at async file:///E:/taeho/workspace/icemachine/back_server/app/controllers/user.admin.controller.js:21:20
[2026-01-12 15:56:19] error - Error: 상세 정보 조회 중 오류가 발생했습니다.
Error: 상세 정보 조회 중 오류가 발생했습니다.
    at myError (file:///E:/taeho/workspace/icemachine/back_server/app/errors/customs/my.error.js:16:15)
    at Object.getUserDetail (file:///E:/taeho/workspace/icemachine/back_server/app/services/user.admin.service.js:81:13)
    at process.processTicksAndRejections (node:internal/process/task_queues:105:5)
    at async file:///E:/taeho/workspace/icemachine/back_server/app/controllers/user.admin.controller.js:21:20
[2026-01-12 15:56:29] error - Error: 상세 정보 조회 중 오류가 발생했습니다.
Error: 상세 정보 조회 중 오류가 발생했습니다.
    at myError (file:///E:/taeho/workspace/icemachine/back_server/app/errors/customs/my.error.js:16:15)
    at Object.getUserDetail (file:///E:/taeho/workspace/icemachine/back_server/app/services/user.admin.service.js:81:13)
    at process.processTicksAndRejections (node:internal/process/task_queues:105:5)
    at async file:///E:/taeho/workspace/icemachine/back_server/app/controllers/user.admin.controller.js:21:20
[2026-01-12 15:56:50] error - Error: 상세 정보 조회 중 오류가 발생했습니다.
Error: 상세 정보 조회 중 오류가 발생했습니다.
    at myError (file:///E:/taeho/workspace/icemachine/back_server/app/errors/customs/my.error.js:16:15)
    at Object.getUserDetail (file:///E:/taeho/workspace/icemachine/back_server/app/services/user.admin.service.js:81:13)
    at process.processTicksAndRejections (node:internal/process/task_queues:105:5)
    at async file:///E:/taeho/workspace/icemachine/back_server/app/controllers/user.admin.controller.js:21:20
[2026-01-12 16:01:12] error - Error: 상세 정보 조회 중 오류가 발생했습니다.
Error: 상세 정보 조회 중 오류가 발생했습니다.
    at myError (file:///E:/taeho/workspace/icemachine/back_server/app/errors/customs/my.error.js:16:15)
    at Object.getUserDetail (file:///E:/taeho/workspace/icemachine/back_server/app/services/user.admin.service.js:81:13)
    at process.processTicksAndRejections (node:internal/process/task_queues:105:5)
    at async file:///E:/taeho/workspace/icemachine/back_server/app/controllers/user.admin.controller.js:21:20
[2026-01-12 16:03:09] error - Error: 상세 정보 조회 중 오류가 발생했습니다.
Error: 상세 정보 조회 중 오류가 발생했습니다.
    at myError (file:///E:/taeho/workspace/icemachine/back_server/app/errors/customs/my.error.js:16:15)
    at Object.getUserDetail (file:///E:/taeho/workspace/icemachine/back_server/app/services/user.admin.service.js:81:13)
    at process.processTicksAndRejections (node:internal/process/task_queues:105:5)
    at async file:///E:/taeho/workspace/icemachine/back_server/app/controllers/user.admin.controller.js:21:20
[2026-01-12 16:04:19] error - Error: 상세 정보 조회 중 오류가 발생했습니다.
Error: 상세 정보 조회 중 오류가 발생했습니다.
    at myError (file:///E:/taeho/workspace/icemachine/back_server/app/errors/customs/my.error.js:16:15)
    at Object.getUserDetail (file:///E:/taeho/workspace/icemachine/back_server/app/services/user.admin.service.js:81:13)
    at process.processTicksAndRejections (node:internal/process/task_queues:105:5)
    at async file:///E:/taeho/workspace/icemachine/back_server/app/controllers/user.admin.controller.js:21:20
[2026-01-12 16:05:19] error - Error: 상세 정보 조회 중 오류가 발생했습니다.
Error: 상세 정보 조회 중 오류가 발생했습니다.
    at myError (file:///E:/taeho/workspace/icemachine/back_server/app/errors/customs/my.error.js:16:15)
    at Object.getUserDetail (file:///E:/taeho/workspace/icemachine/back_server/app/services/user.admin.service.js:81:13)
    at process.processTicksAndRejections (node:internal/process/task_queues:105:5)
    at async file:///E:/taeho/workspace/icemachine/back_server/app/controllers/user.admin.controller.js:21:20
[2026-01-12 16:43:53] error - Error: 고객 목록 조회 중 오류가 발생했습니다.
Error: 고객 목록 조회 중 오류가 발생했습니다.
    at myError (file:///E:/taeho/workspace/icemachine/back_server/app/errors/customs/my.error.js:16:15)
    at Object.getUsers (file:///E:/taeho/workspace/icemachine/back_server/app/services/user.admin.service.js:48:13)
    at process.processTicksAndRejections (node:internal/process/task_queues:105:5)
    at async file:///E:/taeho/workspace/icemachine/back_server/app/controllers/user.admin.controller.js:12:20
[2026-01-12 16:44:00] error - Error: 고객 목록 조회 중 오류가 발생했습니다.
Error: 고객 목록 조회 중 오류가 발생했습니다.
    at myError (file:///E:/taeho/workspace/icemachine/back_server/app/errors/customs/my.error.js:16:15)
    at Object.getUsers (file:///E:/taeho/workspace/icemachine/back_server/app/services/user.admin.service.js:48:13)
    at process.processTicksAndRejections (node:internal/process/task_queues:105:5)
    at async file:///E:/taeho/workspace/icemachine/back_server/app/controllers/user.admin.controller.js:12:20
[2026-01-12 16:44:25] error - Error: 고객 목록 조회 중 오류가 발생했습니다.
Error: 고객 목록 조회 중 오류가 발생했습니다.
    at myError (file:///E:/taeho/workspace/icemachine/back_server/app/errors/customs/my.error.js:16:15)
    at Object.getUsers (file:///E:/taeho/workspace/icemachine/back_server/app/services/user.admin.service.js:48:13)
    at process.processTicksAndRejections (node:internal/process/task_queues:105:5)
    at async file:///E:/taeho/workspace/icemachine/back_server/app/controllers/user.admin.controller.js:12:20
[2026-01-12 16:44:29] error - Error: 고객 목록 조회 중 오류가 발생했습니다.
Error: 고객 목록 조회 중 오류가 발생했습니다.
    at myError (file:///E:/taeho/workspace/icemachine/back_server/app/errors/customs/my.error.js:16:15)
    at Object.getUsers (file:///E:/taeho/workspace/icemachine/back_server/app/services/user.admin.service.js:48:13)
    at process.processTicksAndRejections (node:internal/process/task_queues:105:5)
    at async file:///E:/taeho/workspace/icemachine/back_server/app/controllers/user.admin.controller.js:12:20
[2026-01-12 16:44:34] error - Error: 고객 목록 조회 중 오류가 발생했습니다.
Error: 고객 목록 조회 중 오류가 발생했습니다.
    at myError (file:///E:/taeho/workspace/icemachine/back_server/app/errors/customs/my.error.js:16:15)
    at Object.getUsers (file:///E:/taeho/workspace/icemachine/back_server/app/services/user.admin.service.js:48:13)
    at process.processTicksAndRejections (node:internal/process/task_queues:105:5)
    at async file:///E:/taeho/workspace/icemachine/back_server/app/controllers/user.admin.controller.js:12:20
[2026-01-12 16:44:36] error - Error: 고객 목록 조회 중 오류가 발생했습니다.
Error: 고객 목록 조회 중 오류가 발생했습니다.
    at myError (file:///E:/taeho/workspace/icemachine/back_server/app/errors/customs/my.error.js:16:15)
    at Object.getUsers (file:///E:/taeho/workspace/icemachine/back_server/app/services/user.admin.service.js:48:13)
    at process.processTicksAndRejections (node:internal/process/task_queues:105:5)
    at async file:///E:/taeho/workspace/icemachine/back_server/app/controllers/user.admin.controller.js:12:20
[2026-01-12 16:47:30] error - Error: 고객 목록 조회 중 오류가 발생했습니다.
Error: 고객 목록 조회 중 오류가 발생했습니다.
    at myError (file:///E:/taeho/workspace/icemachine/back_server/app/errors/customs/my.error.js:16:15)
    at Object.getUsers (file:///E:/taeho/workspace/icemachine/back_server/app/services/user.admin.service.js:48:13)
    at process.processTicksAndRejections (node:internal/process/task_queues:105:5)
    at async file:///E:/taeho/workspace/icemachine/back_server/app/controllers/user.admin.controller.js:12:20
[2026-01-12 16:47:43] error - Error: 고객 목록 조회 중 오류가 발생했습니다.
Error: 고객 목록 조회 중 오류가 발생했습니다.
    at myError (file:///E:/taeho/workspace/icemachine/back_server/app/errors/customs/my.error.js:16:15)
    at Object.getUsers (file:///E:/taeho/workspace/icemachine/back_server/app/services/user.admin.service.js:48:13)
    at process.processTicksAndRejections (node:internal/process/task_queues:105:5)
    at async file:///E:/taeho/workspace/icemachine/back_server/app/controllers/user.admin.controller.js:12:20
[2026-01-12 16:47:48] error - Error: 고객 목록 조회 중 오류가 발생했습니다.
Error: 고객 목록 조회 중 오류가 발생했습니다.
    at myError (file:///E:/taeho/workspace/icemachine/back_server/app/errors/customs/my.error.js:16:15)
    at Object.getUsers (file:///E:/taeho/workspace/icemachine/back_server/app/services/user.admin.service.js:48:13)
    at process.processTicksAndRejections (node:internal/process/task_queues:105:5)
    at async file:///E:/taeho/workspace/icemachine/back_server/app/controllers/user.admin.controller.js:12:20
[2026-01-12 16:47:51] error - Error: 고객 목록 조회 중 오류가 발생했습니다.
Error: 고객 목록 조회 중 오류가 발생했습니다.
    at myError (file:///E:/taeho/workspace/icemachine/back_server/app/errors/customs/my.error.js:16:15)
    at Object.getUsers (file:///E:/taeho/workspace/icemachine/back_server/app/services/user.admin.service.js:48:13)
    at process.processTicksAndRejections (node:internal/process/task_queues:105:5)
    at async file:///E:/taeho/workspace/icemachine/back_server/app/controllers/user.admin.controller.js:12:20
[2026-01-12 16:48:51] error - Error: 고객 목록 조회 중 오류가 발생했습니다.
Error: 고객 목록 조회 중 오류가 발생했습니다.
    at myError (file:///E:/taeho/workspace/icemachine/back_server/app/errors/customs/my.error.js:16:15)
    at Object.getUsers (file:///E:/taeho/workspace/icemachine/back_server/app/services/user.admin.service.js:48:13)
    at process.processTicksAndRejections (node:internal/process/task_queues:105:5)
    at async file:///E:/taeho/workspace/icemachine/back_server/app/controllers/user.admin.controller.js:12:20
[2026-01-12 16:48:57] error - Error: 고객 목록 조회 중 오류가 발생했습니다.
Error: 고객 목록 조회 중 오류가 발생했습니다.
    at myError (file:///E:/taeho/workspace/icemachine/back_server/app/errors/customs/my.error.js:16:15)
    at Object.getUsers (file:///E:/taeho/workspace/icemachine/back_server/app/services/user.admin.service.js:48:13)
    at process.processTicksAndRejections (node:internal/process/task_queues:105:5)
    at async file:///E:/taeho/workspace/icemachine/back_server/app/controllers/user.admin.controller.js:12:20
[2026-01-12 16:49:00] error - Error: 고객 목록 조회 중 오류가 발생했습니다.
Error: 고객 목록 조회 중 오류가 발생했습니다.
    at myError (file:///E:/taeho/workspace/icemachine/back_server/app/errors/customs/my.error.js:16:15)
    at Object.getUsers (file:///E:/taeho/workspace/icemachine/back_server/app/services/user.admin.service.js:48:13)
    at process.processTicksAndRejections (node:internal/process/task_queues:105:5)
    at async file:///E:/taeho/workspace/icemachine/back_server/app/controllers/user.admin.controller.js:12:20
[2026-01-12 16:51:00] error - Error: 고객 목록 조회 중 오류가 발생했습니다.
Error: 고객 목록 조회 중 오류가 발생했습니다.
    at myError (file:///E:/taeho/workspace/icemachine/back_server/app/errors/customs/my.error.js:16:15)
    at Object.getUsers (file:///E:/taeho/workspace/icemachine/back_server/app/services/user.admin.service.js:48:13)
    at process.processTicksAndRejections (node:internal/process/task_queues:105:5)
    at async file:///E:/taeho/workspace/icemachine/back_server/app/controllers/user.admin.controller.js:12:20
[2026-01-12 16:52:25] error - Error: 고객 목록 조회 중 오류가 발생했습니다.
Error: 고객 목록 조회 중 오류가 발생했습니다.
    at myError (file:///E:/taeho/workspace/icemachine/back_server/app/errors/customs/my.error.js:16:15)
    at Object.getUsers (file:///E:/taeho/workspace/icemachine/back_server/app/services/user.admin.service.js:48:13)
    at process.processTicksAndRejections (node:internal/process/task_queues:105:5)
    at async file:///E:/taeho/workspace/icemachine/back_server/app/controllers/user.admin.controller.js:12:20
[2026-01-12 16:54:24] error - Error: 고객 목록 조회 중 오류가 발생했습니다.
Error: 고객 목록 조회 중 오류가 발생했습니다.
    at myError (file:///E:/taeho/workspace/icemachine/back_server/app/errors/customs/my.error.js:16:15)
    at Object.getUsers (file:///E:/taeho/workspace/icemachine/back_server/app/services/user.admin.service.js:48:13)
    at process.processTicksAndRejections (node:internal/process/task_queues:105:5)
    at async file:///E:/taeho/workspace/icemachine/back_server/app/controllers/user.admin.controller.js:12:20
[2026-01-12 16:55:57] error - Error: 고객 목록 조회 중 오류가 발생했습니다.
Error: 고객 목록 조회 중 오류가 발생했습니다.
    at myError (file:///E:/taeho/workspace/icemachine/back_server/app/errors/customs/my.error.js:16:15)
    at Object.getUsers (file:///E:/taeho/workspace/icemachine/back_server/app/services/user.admin.service.js:48:13)
    at process.processTicksAndRejections (node:internal/process/task_queues:105:5)
    at async file:///E:/taeho/workspace/icemachine/back_server/app/controllers/user.admin.controller.js:12:20
[2026-01-12 16:55:58] error - Error: 고객 목록 조회 중 오류가 발생했습니다.
Error: 고객 목록 조회 중 오류가 발생했습니다.
    at myError (file:///E:/taeho/workspace/icemachine/back_server/app/errors/customs/my.error.js:16:15)
    at Object.getUsers (file:///E:/taeho/workspace/icemachine/back_server/app/services/user.admin.service.js:48:13)
    at process.processTicksAndRejections (node:internal/process/task_queues:105:5)
    at async file:///E:/taeho/workspace/icemachine/back_server/app/controllers/user.admin.controller.js:12:20
[2026-01-12 16:56:49] error - Error: 고객 목록 조회 중 오류가 발생했습니다.
Error: 고객 목록 조회 중 오류가 발생했습니다.
    at myError (file:///E:/taeho/workspace/icemachine/back_server/app/errors/customs/my.error.js:16:15)
    at Object.getUsers (file:///E:/taeho/workspace/icemachine/back_server/app/services/user.admin.service.js:48:13)
    at process.processTicksAndRejections (node:internal/process/task_queues:105:5)
    at async file:///E:/taeho/workspace/icemachine/back_server/app/controllers/user.admin.controller.js:12:20
[2026-01-12 17:08:59] error - Error: 고객 목록 조회 중 오류가 발생했습니다.
Error: 고객 목록 조회 중 오류가 발생했습니다.
    at myError (file:///E:/taeho/workspace/icemachine/back_server/app/errors/customs/my.error.js:16:15)
    at Object.getUsers (file:///E:/taeho/workspace/icemachine/back_server/app/services/user.admin.service.js:48:13)
    at process.processTicksAndRejections (node:internal/process/task_queues:105:5)
    at async file:///E:/taeho/workspace/icemachine/back_server/app/controllers/user.admin.controller.js:12:20
[2026-01-12 17:09:23] error - Error: 고객 목록 조회 중 오류가 발생했습니다.
Error: 고객 목록 조회 중 오류가 발생했습니다.
    at myError (file:///E:/taeho/workspace/icemachine/back_server/app/errors/customs/my.error.js:16:15)
    at Object.getUsers (file:///E:/taeho/workspace/icemachine/back_server/app/services/user.admin.service.js:48:13)
    at process.processTicksAndRejections (node:internal/process/task_queues:105:5)
    at async file:///E:/taeho/workspace/icemachine/back_server/app/controllers/user.admin.controller.js:12:20
[2026-01-12 17:09:25] error - Error: 고객 목록 조회 중 오류가 발생했습니다.
Error: 고객 목록 조회 중 오류가 발생했습니다.
    at myError (file:///E:/taeho/workspace/icemachine/back_server/app/errors/customs/my.error.js:16:15)
    at Object.getUsers (file:///E:/taeho/workspace/icemachine/back_server/app/services/user.admin.service.js:48:13)
    at process.processTicksAndRejections (node:internal/process/task_queues:105:5)
    at async file:///E:/taeho/workspace/icemachine/back_server/app/controllers/user.admin.controller.js:12:20
[2026-01-12 17:20:49] error - Error: 고객 목록 조회 중 오류가 발생했습니다.
Error: 고객 목록 조회 중 오류가 발생했습니다.
    at myError (file:///E:/taeho/workspace/icemachine/back_server/app/errors/customs/my.error.js:16:15)
    at Object.getUsers (file:///E:/taeho/workspace/icemachine/back_server/app/services/user.admin.service.js:48:13)
    at process.processTicksAndRejections (node:internal/process/task_queues:105:5)
    at async file:///E:/taeho/workspace/icemachine/back_server/app/controllers/user.admin.controller.js:12:20
[2026-01-12 17:21:33] error - Error: 고객 목록 조회 중 오류가 발생했습니다.
Error: 고객 목록 조회 중 오류가 발생했습니다.
    at myError (file:///E:/taeho/workspace/icemachine/back_server/app/errors/customs/my.error.js:16:15)
    at Object.getUsers (file:///E:/taeho/workspace/icemachine/back_server/app/services/user.admin.service.js:48:13)
    at process.processTicksAndRejections (node:internal/process/task_queues:105:5)
    at async file:///E:/taeho/workspace/icemachine/back_server/app/controllers/user.admin.controller.js:12:20
